[2019-07-09 22:18:46] local.ERROR: Class auth does not exist {"exception":"[object] (ReflectionException(code: -1): Class auth does not exist at C:\\printsetup\\vendor\\laravel\\framework\\src\\Illuminate\\Container\\Container.php:790)
[stacktrace]
#0 C:\\printsetup\\vendor\\laravel\\framework\\src\\Illuminate\\Container\\Container.php(790): ReflectionClass->__construct('auth')
#1 C:\\printsetup\\vendor\\laravel\\framework\\src\\Illuminate\\Container\\Container.php(667): Illuminate\\Container\\Container->build('auth')
#2 C:\\printsetup\\vendor\\laravel\\framework\\src\\Illuminate\\Container\\Container.php(615): Illuminate\\Container\\Container->resolve('auth', Array)
#3 C:\\printsetup\\vendor\\laravel\\framework\\src\\Illuminate\\Foundation\\Application.php(767): Illuminate\\Container\\Container->make('auth', Array)
#4 C:\\printsetup\\vendor\\laravel\\framework\\src\\Illuminate\\Container\\Container.php(1225): Illuminate\\Foundation\\Application->make('auth')
#5 C:\\printsetup\\vendor\\laravel\\framework\\src\\Illuminate\\Support\\Facades\\Facade.php(175): Illuminate\\Container\\Container->offsetGet('auth')
#6 C:\\printsetup\\vendor\\laravel\\framework\\src\\Illuminate\\Support\\Facades\\Facade.php(144): Illuminate\\Support\\Facades\\Facade::resolveFacadeInstance('auth')
#7 C:\\printsetup\\vendor\\laravel\\framework\\src\\Illuminate\\Support\\Facades\\Facade.php(231): Illuminate\\Support\\Facades\\Facade::getFacadeRoot()
#8 C:\\printsetup\\vendor\\laravel\\passport\\src\\PassportServiceProvider.php(256): Illuminate\\Support\\Facades\\Facade::__callStatic('extend', Array)
#9 C:\\printsetup\\vendor\\laravel\\passport\\src\\PassportServiceProvider.php(85): Laravel\\Passport\\PassportServiceProvider->registerGuard()
#10 C:\\printsetup\\vendor\\laravel\\framework\\src\\Illuminate\\Foundation\\Application.php(607): Laravel\\Passport\\PassportServiceProvider->register()
#11 C:\\printsetup\\vendor\\laravel\\framework\\src\\Illuminate\\Foundation\\ProviderRepository.php(75): Illuminate\\Foundation\\Application->register(Object(Laravel\\Passport\\PassportServiceProvider))
#12 C:\\printsetup\\vendor\\laravel\\framework\\src\\Illuminate\\Foundation\\Application.php(584): Illuminate\\Foundation\\ProviderRepository->load(Array)
#13 C:\\printsetup\\vendor\\laravel\\framework\\src\\Illuminate\\Foundation\\Bootstrap\\RegisterProviders.php(17): Illuminate\\Foundation\\Application->registerConfiguredProviders()
#14 C:\\printsetup\\vendor\\laravel\\framework\\src\\Illuminate\\Foundation\\Application.php(210): Illuminate\\Foundation\\Bootstrap\\RegisterProviders->bootstrap(Object(Illuminate\\Foundation\\Application))
#15 C:\\printsetup\\vendor\\laravel\\framework\\src\\Illuminate\\Foundation\\Console\\Kernel.php(322): Illuminate\\Foundation\\Application->bootstrapWith(Array)
#16 C:\\printsetup\\vendor\\laravel\\framework\\src\\Illuminate\\Foundation\\Console\\Kernel.php(131): Illuminate\\Foundation\\Console\\Kernel->bootstrap()
#17 C:\\printsetup\\artisan(37): Illuminate\\Foundation\\Console\\Kernel->handle(Object(Symfony\\Component\\Console\\Input\\ArgvInput), Object(Symfony\\Component\\Console\\Output\\ConsoleOutput))
#18 {main}
"} 
[2019-07-09 22:21:02] local.ERROR: Class auth does not exist {"exception":"[object] (ReflectionException(code: -1): Class auth does not exist at C:\\printsetup\\vendor\\laravel\\framework\\src\\Illuminate\\Container\\Container.php:790)
[stacktrace]
#0 C:\\printsetup\\vendor\\laravel\\framework\\src\\Illuminate\\Container\\Container.php(790): ReflectionClass->__construct('auth')
#1 C:\\printsetup\\vendor\\laravel\\framework\\src\\Illuminate\\Container\\Container.php(667): Illuminate\\Container\\Container->build('auth')
#2 C:\\printsetup\\vendor\\laravel\\framework\\src\\Illuminate\\Container\\Container.php(615): Illuminate\\Container\\Container->resolve('auth', Array)
#3 C:\\printsetup\\vendor\\laravel\\framework\\src\\Illuminate\\Foundation\\Application.php(767): Illuminate\\Container\\Container->make('auth', Array)
#4 C:\\printsetup\\vendor\\laravel\\framework\\src\\Illuminate\\Container\\Container.php(1225): Illuminate\\Foundation\\Application->make('auth')
#5 C:\\printsetup\\vendor\\laravel\\framework\\src\\Illuminate\\Support\\Facades\\Facade.php(175): Illuminate\\Container\\Container->offsetGet('auth')
#6 C:\\printsetup\\vendor\\laravel\\framework\\src\\Illuminate\\Support\\Facades\\Facade.php(144): Illuminate\\Support\\Facades\\Facade::resolveFacadeInstance('auth')
#7 C:\\printsetup\\vendor\\laravel\\framework\\src\\Illuminate\\Support\\Facades\\Facade.php(231): Illuminate\\Support\\Facades\\Facade::getFacadeRoot()
#8 C:\\printsetup\\vendor\\laravel\\passport\\src\\PassportServiceProvider.php(256): Illuminate\\Support\\Facades\\Facade::__callStatic('extend', Array)
#9 C:\\printsetup\\vendor\\laravel\\passport\\src\\PassportServiceProvider.php(85): Laravel\\Passport\\PassportServiceProvider->registerGuard()
#10 C:\\printsetup\\vendor\\laravel\\framework\\src\\Illuminate\\Foundation\\Application.php(607): Laravel\\Passport\\PassportServiceProvider->register()
#11 C:\\printsetup\\vendor\\laravel\\framework\\src\\Illuminate\\Foundation\\ProviderRepository.php(75): Illuminate\\Foundation\\Application->register(Object(Laravel\\Passport\\PassportServiceProvider))
#12 C:\\printsetup\\vendor\\laravel\\framework\\src\\Illuminate\\Foundation\\Application.php(584): Illuminate\\Foundation\\ProviderRepository->load(Array)
#13 C:\\printsetup\\vendor\\laravel\\framework\\src\\Illuminate\\Foundation\\Bootstrap\\RegisterProviders.php(17): Illuminate\\Foundation\\Application->registerConfiguredProviders()
#14 C:\\printsetup\\vendor\\laravel\\framework\\src\\Illuminate\\Foundation\\Application.php(210): Illuminate\\Foundation\\Bootstrap\\RegisterProviders->bootstrap(Object(Illuminate\\Foundation\\Application))
#15 C:\\printsetup\\vendor\\laravel\\framework\\src\\Illuminate\\Foundation\\Console\\Kernel.php(322): Illuminate\\Foundation\\Application->bootstrapWith(Array)
#16 C:\\printsetup\\vendor\\laravel\\framework\\src\\Illuminate\\Foundation\\Console\\Kernel.php(131): Illuminate\\Foundation\\Console\\Kernel->bootstrap()
#17 C:\\printsetup\\artisan(37): Illuminate\\Foundation\\Console\\Kernel->handle(Object(Symfony\\Component\\Console\\Input\\ArgvInput), Object(Symfony\\Component\\Console\\Output\\ConsoleOutput))
#18 {main}
"} 
